2022-01-19 23:16:03,747 INFO содержание: Voha id_сообщения: 1965 id_пользователя: 1588938341
2022-01-19 23:16:23,039 INFO содержание: Voha@email.com id_сообщения: 1968 id_пользователя: 1588938341
2022-01-19 23:17:17,794 INFO содержание: Serega id_сообщения: 1973 id_пользователя: 1588938341
2022-01-19 23:17:24,056 INFO содержание: serega@boss.com id_сообщения: 1976 id_пользователя: 1588938341
2022-01-19 23:19:55,370 INFO содержание: /start id_сообщения: 1979 id_пользователя: 1588938341
2022-01-19 23:20:06,728 INFO содержание: /help id_сообщения: 1982 id_пользователя: 1588938341
2022-01-19 23:20:14,357 INFO содержание: Где id_сообщения: 1984 id_пользователя: 1588938341
2022-01-19 23:20:23,969 INFO содержание: Когда id_сообщения: 1986 id_пользователя: 1588938341
2022-01-19 23:20:43,210 INFO содержание error: Натали id_сообщения: 1990 id_пользователя: 1588938341
2022-01-19 23:21:15,971 INFO содержание: Natali id_сообщения: 1995 id_пользователя: 1588938341
2022-01-19 23:21:33,097 INFO содержание: Natali@email.com id_сообщения: 1998 id_пользователя: 1588938341
2022-01-20 16:01:05,987 INFO содержание: /start id_сообщения: 2001 id_пользователя: 1588938341
2022-01-20 16:01:20,149 INFO содержание: /help id_сообщения: 2004 id_пользователя: 1588938341
2022-01-20 16:01:53,280 INFO содержание error: Серега id_сообщения: 2008 id_пользователя: 1588938341
2022-01-20 16:02:15,849 INFO содержание: /start id_сообщения: 2010 id_пользователя: 1588938341
2022-01-20 16:02:25,731 INFO содержание: /help id_сообщения: 2013 id_пользователя: 1588938341
2022-01-20 16:02:41,610 INFO содержание: Serega id_сообщения: 2017 id_пользователя: 1588938341
2022-01-20 16:03:00,719 INFO содержание: serega@email.com id_сообщения: 2020 id_пользователя: 1588938341
2022-01-20 16:03:37,849 INFO содержание: /start id_сообщения: 2023 id_пользователя: 1588938341
2022-01-20 16:03:44,137 INFO содержание: /help id_сообщения: 2026 id_пользователя: 1588938341
2022-01-20 16:04:05,834 INFO содержание: Bot id_сообщения: 2030 id_пользователя: 1588938341
2022-01-20 16:04:25,076 INFO содержание: Bot@email.com id_сообщения: 2033 id_пользователя: 1588938341
2022-01-20 16:04:57,395 INFO содержание: /start id_сообщения: 2036 id_пользователя: 1588938341
2022-01-20 16:05:02,774 INFO содержание: /help id_сообщения: 2039 id_пользователя: 1588938341
2022-01-20 16:05:23,161 INFO содержание: Serega id_сообщения: 2043 id_пользователя: 1588938341
2022-01-20 16:05:42,936 INFO содержание: email@email.com id_сообщения: 2046 id_пользователя: 1588938341
2022-01-20 16:08:38,640 INFO содержание: /start id_сообщения: 2050 id_пользователя: 1588938341
2022-01-20 16:09:20,665 INFO содержание: /start id_сообщения: 2053 id_пользователя: 1588938341
2022-01-20 16:09:27,179 INFO содержание: /help id_сообщения: 2056 id_пользователя: 1588938341
2022-01-20 16:10:26,369 INFO содержание: Где id_сообщения: 2058 id_пользователя: 1588938341
2022-01-20 16:10:35,531 INFO содержание: когда id_сообщения: 2060 id_пользователя: 1588938341
2022-01-20 16:10:56,514 INFO содержание error: Рая id_сообщения: 2064 id_пользователя: 1588938341
2022-01-20 16:11:10,666 INFO содержание: Raya id_сообщения: 2068 id_пользователя: 1588938341
2022-01-20 16:11:36,907 INFO содержание: Raya@email.com id_сообщения: 2071 id_пользователя: 1588938341
2022-01-20 16:12:17,150 INFO содержание: /start id_сообщения: 2074 id_пользователя: 1588938341
2022-01-20 16:12:22,428 INFO содержание: /help id_сообщения: 2077 id_пользователя: 1588938341
2022-01-20 16:12:32,443 INFO содержание: Дата id_сообщения: 2079 id_пользователя: 1588938341
2022-01-20 16:12:36,039 INFO содержание: Где id_сообщения: 2081 id_пользователя: 1588938341
2022-01-20 16:13:22,733 INFO содержание: Anonim id_сообщения: 2085 id_пользователя: 1588938341
2022-01-20 16:13:34,127 INFO содержание error: Anonim@email id_сообщения: 2088 id_пользователя: 1588938341
2022-01-20 16:14:04,312 INFO содержание: /start id_сообщения: 2091 id_пользователя: 1588938341
2022-01-20 16:14:21,950 INFO содержание: /help id_сообщения: 2094 id_пользователя: 1588938341
2022-01-20 16:14:26,803 INFO содержание: Где id_сообщения: 2096 id_пользователя: 1588938341
2022-01-20 16:14:31,241 INFO содержание: Когда id_сообщения: 2098 id_пользователя: 1588938341
2022-01-20 16:14:41,846 INFO содержание: Anonim id_сообщения: 2102 id_пользователя: 1588938341
2022-01-20 16:14:54,124 INFO содержание: Anonim@email.com id_сообщения: 2105 id_пользователя: 1588938341
2022-01-20 16:38:09,225 INFO содержание: /start id_сообщения: 2108 id_пользователя: 1588938341
2022-01-20 17:12:26,702 INFO содержание: fhfjfd id_сообщения: 2114 id_пользователя: 1588938341
2022-01-20 17:12:33,728 INFO содержание: djdkfl@fjfj.vbg id_сообщения: 2117 id_пользователя: 1588938341
2022-01-20 19:24:25,405 INFO содержание: /start id_сообщения: 2120 id_пользователя: 1588938341
2022-01-20 19:36:04,336 INFO содержание: /start id_сообщения: 2123 id_пользователя: 1588938341
2022-01-20 20:23:13,856 INFO содержание: Hdhd id_сообщения: 2177 id_пользователя: 1588938341
2022-01-20 20:23:53,077 INFO содержание: A id_сообщения: 2182 id_пользователя: 1588938341
2022-01-20 20:24:26,932 INFO содержание: Gsj id_сообщения: 2187 id_пользователя: 1588938341
2022-01-20 21:02:38,815 INFO содержание: /start id_сообщения: 2284 id_пользователя: 1588938341
2022-01-20 21:02:46,862 INFO содержание: /help id_сообщения: 2287 id_пользователя: 1588938341
2022-01-20 21:02:51,740 INFO содержание: Дата id_сообщения: 2289 id_пользователя: 1588938341
2022-01-20 21:02:56,131 INFO содержание: Когда id_сообщения: 2291 id_пользователя: 1588938341
2022-01-20 21:03:08,786 INFO содержание: User id_сообщения: 2295 id_пользователя: 1588938341
2022-01-20 21:03:25,039 INFO содержание: User@user.com id_сообщения: 2298 id_пользователя: 1588938341
2022-01-20 21:19:00,222 INFO содержание: /start id_сообщения: 2309 id_пользователя: 1588938341
2022-01-20 21:19:16,052 INFO содержание: /help id_сообщения: 2312 id_пользователя: 1588938341
2022-01-20 21:19:45,213 INFO содержание: Дата id_сообщения: 2314 id_пользователя: 1588938341
2022-01-20 21:19:55,178 INFO содержание: Где id_сообщения: 2316 id_пользователя: 1588938341
2022-01-20 21:20:20,526 INFO содержание: Natalia id_сообщения: 2320 id_пользователя: 1588938341
2022-01-20 21:20:57,832 INFO содержание: na.luk@gmslil.com id_сообщения: 2323 id_пользователя: 1588938341
2022-01-20 21:21:33,072 INFO содержание: Dhdjdj id_сообщения: 2328 id_пользователя: 1588938341
2022-01-20 21:21:41,154 INFO содержание: Fhdhf@hdhd.com id_сообщения: 2331 id_пользователя: 1588938341
2022-01-21 13:08:57,247 INFO содержание: /start id_сообщения: 2334 id_пользователя: 1588938341
2022-01-21 13:09:17,067 INFO содержание: /help id_сообщения: 2337 id_пользователя: 1588938341
2022-01-21 13:09:25,116 INFO содержание: Где id_сообщения: 2339 id_пользователя: 1588938341
2022-01-21 13:09:33,893 INFO содержание: Когда id_сообщения: 2341 id_пользователя: 1588938341
2022-01-21 13:09:57,116 INFO содержание: Telebot id_сообщения: 2345 id_пользователя: 1588938341
2022-01-21 13:10:19,853 INFO содержание: Telebot@email.com id_сообщения: 2348 id_пользователя: 1588938341
